<?xml version="1.0" encoding="UTF-8"?>
<testsuite name="CarSharingTest" tests="1" skipped="0" failures="0" errors="0" timestamp="2022-12-11T21:17:22" hostname="RECON" time="0.847">
  <properties/>
  <testcase name="start" classname="CarSharingTest" time="0.847"/>
  <system-out><![CDATA[?[1;31m
Start test 1?[0m
1. Log in as a manager
0. Exit
> 0
?[1;31m
Start test 2?[0m
1. Log in as a manager
0. Exit
> 1
1. Company list
2. Create a company
0. Back
> 0
1. Log in as a manager
0. Exit
?[1;31m
Start test 3?[0m
?[1;31m
Start test 4?[0m
?[1;31m
Start test 5?[0m
?[1;31m
Start test 6?[0m
1. Log in as a manager
0. Exit
> 1
1. Company list
2. Create a company
0. Back
> 1
List of companies:
The company list is empty!

1. Company list
2. Create a company
0. Back
> 2
Enter the company name:
> Super company
The company Super company successfully created!

1. Company list
2. Create a company
0. Back
> 1
List of companies:
1. Super company
0. Back

> 0
1. Company list
2. Create a company
0. Back
> 2
Enter the company name:
> Another company
The company Another company successfully created!

1. Company list
2. Create a company
0. Back
> 2
Enter the company name:
> One more company
The company One more company successfully created!

1. Company list
2. Create a company
0. Back
> 1
List of companies:
1. Super company
2. Another company
3. One more company
0. Back

> 2
Another company company
1. Car list
2. Create a car
0. Back
?[1;31m
Start test 7?[0m
1. Log in as a manager
0. Exit
> 1
1. Company list
2. Create a company
0. Back
> 2
Enter the company name:
> Car To Go
The company Car To Go successfully created!

1. Company list
2. Create a company
0. Back
> 2
Enter the company name:
> Drive Now
The company Drive Now successfully created!

1. Company list
2. Create a company
0. Back
> 1
List of companies:
1. Car To Go
2. Drive Now
0. Back

> 1
Car To Go company
1. Car list
2. Create a car
0. Back
> 1
Car list:
The car list is empty!

Car To Go company
1. Car list
2. Create a car
0. Back
> 2
Enter the car name:
> Hyundai Venue
The car Hyundai Venue successfully created!

Car To Go company
1. Car list
2. Create a car
0. Back
> 2
Enter the car name:
> Maruti Suzuki Dzire
The car Maruti Suzuki Dzire successfully created!

Car To Go company
1. Car list
2. Create a car
0. Back
> 1
Car list:
1. Hyundai Venue
2. Maruti Suzuki Dzire

Car To Go company
1. Car list
2. Create a car
0. Back
> 0
1. Company list
2. Create a company
0. Back
> 1
List of companies:
1. Car To Go
2. Drive Now
0. Back

> 2
Drive Now company
1. Car list
2. Create a car
0. Back
> 1
Car list:
The car list is empty!

Drive Now company
1. Car list
2. Create a car
0. Back
> 2
Enter the car name:
> Lamborghini Urraco
The car Lamborghini Urraco successfully created!

Drive Now company
1. Car list
2. Create a car
0. Back
> 1
Car list:
1. Lamborghini Urraco

Drive Now company
1. Car list
2. Create a car
0. Back
> 0
1. Company list
2. Create a company
0. Back
> 0
1. Log in as a manager
0. Exit
> 0
]]></system-out>
  <system-err><![CDATA[]]></system-err>
</testsuite>
